0 info it worked if it ends with ok
1 verbose cli [ '/Users/muaku/.nvm/versions/node/v6.11.3/bin/node',
1 verbose cli   '/Users/muaku/.nvm/versions/node/v6.11.3/bin/npm',
1 verbose cli   'start' ]
2 info using npm@3.10.10
3 info using node@v6.11.3
4 verbose run-script [ 'prestart', 'start', 'poststart' ]
5 info lifecycle microsensor@1.0.0~prestart: microsensor@1.0.0
6 silly lifecycle microsensor@1.0.0~prestart: no script for prestart, continuing
7 info lifecycle microsensor@1.0.0~start: microsensor@1.0.0
8 verbose lifecycle microsensor@1.0.0~start: unsafe-perm in lifecycle true
9 verbose lifecycle microsensor@1.0.0~start: PATH: /Users/muaku/.nvm/versions/node/v6.11.3/lib/node_modules/npm/bin/node-gyp-bin:/Users/muaku/workspace/WCL/microsensor/node_modules/.bin:/Users/muaku/.nvm/versions/node/v6.11.3/bin:/usr/local/sbin:/Users/muaku/anaconda/bin:/usr/local/bin:/usr/bin:/bin:/usr/sbin:/sbin:/usr/local/bin:/opt/yarn-[version]/bin:/Users/muaku/Library/Android/sdk/tools:/Users/muaku/Library/Android/sdk/platform-tools
10 verbose lifecycle microsensor@1.0.0~start: CWD: /Users/muaku/workspace/WCL/microsensor
11 silly lifecycle microsensor@1.0.0~start: Args: [ '-c', 'node micro' ]
12 silly lifecycle microsensor@1.0.0~start: Returned: code: 1  signal: null
13 info lifecycle microsensor@1.0.0~start: Failed to exec start script
14 verbose stack Error: microsensor@1.0.0 start: `node micro`
14 verbose stack Exit status 1
14 verbose stack     at EventEmitter.<anonymous> (/Users/muaku/.nvm/versions/node/v6.11.3/lib/node_modules/npm/lib/utils/lifecycle.js:255:16)
14 verbose stack     at emitTwo (events.js:106:13)
14 verbose stack     at EventEmitter.emit (events.js:191:7)
14 verbose stack     at ChildProcess.<anonymous> (/Users/muaku/.nvm/versions/node/v6.11.3/lib/node_modules/npm/lib/utils/spawn.js:40:14)
14 verbose stack     at emitTwo (events.js:106:13)
14 verbose stack     at ChildProcess.emit (events.js:191:7)
14 verbose stack     at maybeClose (internal/child_process.js:920:16)
14 verbose stack     at Process.ChildProcess._handle.onexit (internal/child_process.js:230:5)
15 verbose pkgid microsensor@1.0.0
16 verbose cwd /Users/muaku/workspace/WCL/microsensor
17 error Darwin 16.7.0
18 error argv "/Users/muaku/.nvm/versions/node/v6.11.3/bin/node" "/Users/muaku/.nvm/versions/node/v6.11.3/bin/npm" "start"
19 error node v6.11.3
20 error npm  v3.10.10
21 error code ELIFECYCLE
22 error microsensor@1.0.0 start: `node micro`
22 error Exit status 1
23 error Failed at the microsensor@1.0.0 start script 'node micro'.
23 error Make sure you have the latest version of node.js and npm installed.
23 error If you do, this is most likely a problem with the microsensor package,
23 error not with npm itself.
23 error Tell the author that this fails on your system:
23 error     node micro
23 error You can get information on how to open an issue for this project with:
23 error     npm bugs microsensor
23 error Or if that isn't available, you can get their info via:
23 error     npm owner ls microsensor
23 error There is likely additional logging output above.
24 verbose exit [ 1, true ]
